C51 COMPILER V9.54   MAIN                                                                  04/25/2025 16:23:25 PAGE 1   


C51 COMPILER V9.54, COMPILATION OF MODULE MAIN
OBJECT MODULE PLACED IN .\Objects\main.obj
COMPILER INVOKED BY: C:\Keil_v5\C51\BIN\C51.exe main.c OPTIMIZE(8,SPEED) BROWSE DEBUG OBJECTEXTEND PRINT(.\Listings\main
                    -.lst) OBJECT(.\Objects\main.obj)

line level    source

   1          #include <reg52.h>
   2          #include "SMG_CHOOSE.h"                 //数码管位选：0-7
   3          
   4          sbit key_add = P3^1;//独立按键K1控制加1
   5          sbit key_sub = P3^0;//独立按键控K2制减1
   6          
   7          unsigned char code DuanMa[]={0x3f,0x06,0x5b,0x4f,0x66,0x6d,0x7d,0x07,0x7f,0x6f};//数码管段选显示
   8                  
   9          void delay(unsigned int t);//延时函数
  10          void display(unsigned char disum);//显示函数
  11          
  12          void main()
  13          {
  14   1              unsigned int num = 0;
  15   1              while(1)
  16   1              {
  17   2                      if(key_add == 0)//判断按键是否按下
  18   2                      {
  19   3                              delay(1250);//消抖
  20   3                              if(key_add == 0)//再次判断按键是否按下
  21   3                              {
  22   4                                      while(key_add == 0)//等待按键释放
  23   4                                      {
  24   5                                              display(num);
  25   5                                      }
  26   4                                      delay(1250);
  27   4                                      num++;
  28   4                                      if(num==100)//我们只控制两位数的显示，当到达99时，下一位归零
  29   4                                      {
  30   5                                              num = 0;
  31   5                                      }
  32   4                              }
  33   3                      }
  34   2                      
  35   2                      display(num);//避免只有按下时才显示的情况
  36   2                      
  37   2                      if(key_sub == 0)
  38   2                      {
  39   3                              delay(1250);//消抖
  40   3                              if(key_sub == 0)//再次判断按键是否按下
  41   3                              {
  42   4                                      while(key_sub == 0)//等待按键释放
  43   4                                      {
  44   5                                              display(num);
  45   5                                      }
  46   4                                      delay(1250);
  47   4                                      if(num > 0)
  48   4                                      {
  49   5                                              num--;
  50   5                                      }
  51   4                                      else
  52   4                                      {
  53   5                                              num = 99;
  54   5                                      }
C51 COMPILER V9.54   MAIN                                                                  04/25/2025 16:23:25 PAGE 2   

  55   4                              }
  56   3                      }
  57   2                      display(num);
  58   2                      
  59   2              }
  60   1      }
  61          
  62          
  63          void delay(unsigned int t)
  64          {
  65   1              while(--t);
  66   1      }
  67          
  68          void display(unsigned char disum)
  69          {
  70   1              unsigned char shi,ge;
  71   1              shi = disum/10;//余上10，得十位
  72   1              ge = disum%10;//模上10，得个位
  73   1              
  74   1              SMG_CHOOSE(0);//位码
  75   1              P0 = DuanMa[shi];//余上10，得十位
  76   1              delay(100);
  77   1              P0 = 0x00;//消影
  78   1              
  79   1              SMG_CHOOSE(1);//位码
  80   1              P0 = DuanMa[ge];//模上10，得个位
  81   1              delay(100);
  82   1              P0 = 0x00;//消影
  83   1      }
  84          
  85          


MODULE INFORMATION:   STATIC OVERLAYABLE
   CODE SIZE        =    182    ----
   CONSTANT SIZE    =     10    ----
   XDATA SIZE       =   ----    ----
   PDATA SIZE       =   ----    ----
   DATA SIZE        =   ----       4
   IDATA SIZE       =   ----    ----
   BIT SIZE         =   ----    ----
END OF MODULE INFORMATION.


C51 COMPILATION COMPLETE.  0 WARNING(S),  0 ERROR(S)
