C51 COMPILER V9.54   SMG_CHOOSE                                                            04/25/2025 16:23:26 PAGE 1   


C51 COMPILER V9.54, COMPILATION OF MODULE SMG_CHOOSE
OBJECT MODULE PLACED IN .\Objects\SMG_CHOOSE.obj
COMPILER INVOKED BY: C:\Keil_v5\C51\BIN\C51.exe SMG_CHOOSE.c OPTIMIZE(8,SPEED) BROWSE DEBUG OBJECTEXTEND PRINT(.\Listing
                    -s\SMG_CHOOSE.lst) OBJECT(.\Objects\SMG_CHOOSE.obj)

line level    source

   1          /*******************************************************************************
   2          * 函 数 名       : SMG_CHOOSE
   3          * 函数功能               : 数码管位选函数，choose=1时，数码管第二位亮（从左往右）
   4          * 输    入       : choose
   5          * 输    出       : 无
   6          *******************************************************************************/
   7          
   8          
   9          #include<reg52.h>
  10          sbit A1 = P2^2;
  11          sbit B2 = P2^3;
  12          sbit C3 = P2^4;
  13          
  14          unsigned char SMG_CHOOSE(unsigned char choose)//数码管选择      /***/   范围：0-7
  15          {
  16   1              switch(choose)
  17   1              {
  18   2      //              case 0: A1 = 0; B2 = 0; C3 = 0;break;
  19   2      //              case 1: A1 = 1; B2 = 0; C3 = 0;break;
  20   2      //              case 2: A1 = 0; B2 = 1; C3 = 0;break;
  21   2      //              case 3: A1 = 1; B2 = 1; C3 = 0;break;
  22   2      //              case 4: A1 = 0; B2 = 0; C3 = 1;break;
  23   2      //              case 5: A1 = 1; B2 = 0; C3 = 1;break;
  24   2      //              case 6: A1 = 0; B2 = 1; C3 = 1;break;
  25   2      //              case 7: A1 = 1; B2 = 1; C3 = 1;break;
  26   2      //              
  27   2                      case 0: A1 = 1; B2 = 1; C3 = 1;break;
  28   2                      case 1: A1 = 0; B2 = 1; C3 = 1;break;
  29   2                      case 2: A1 = 1; B2 = 0; C3 = 1;break;
  30   2                      case 3: A1 = 0; B2 = 0; C3 = 1;break;
  31   2                      case 4: A1 = 1; B2 = 1; C3 = 0;break;
  32   2                      case 5: A1 = 0; B2 = 1; C3 = 0;break;
  33   2                      case 6: A1 = 1; B2 = 0; C3 = 0;break;
  34   2                      case 7: A1 = 0; B2 = 0; C3 = 0;break;
  35   2              }
  36   1              return choose;
  37   1      }


MODULE INFORMATION:   STATIC OVERLAYABLE
   CODE SIZE        =     84    ----
   CONSTANT SIZE    =   ----    ----
   XDATA SIZE       =   ----    ----
   PDATA SIZE       =   ----    ----
   DATA SIZE        =   ----    ----
   IDATA SIZE       =   ----    ----
   BIT SIZE         =   ----    ----
END OF MODULE INFORMATION.


C51 COMPILATION COMPLETE.  0 WARNING(S),  0 ERROR(S)
